build/app/intermediates/manifest_merge_blame_file/release/manifest-merger-blame-release-report.txt
1<?xml version="1.0" encoding="utf-8"?>
2<manifest xmlns:android="http://schemas.android.com/apk/res/android"
3    package="co.pravin.flash_chat"
4    android:versionCode="1"
5    android:versionName="1.0.0" >
6
7    <uses-sdk
8        android:minSdkVersion="19"
8-->src/main/AndroidManifest.xml
9        android:targetSdkVersion="29" />
9-->src/main/AndroidManifest.xml
10    <!-- Although the *SdkVersion is captured in gradle build files, this is required for non gradle builds -->
11    <!-- <uses-sdk android:minSdkVersion="14" /> -->
12    <uses-permission android:name="android.permission.ACCESS_NETWORK_STATE" />
12-->[com.google.firebase:firebase-firestore:24.0.0] AndroidManifest.xml:13:5-79
12-->[com.google.firebase:firebase-firestore:24.0.0] AndroidManifest.xml:13:22-76
13    <uses-permission android:name="android.permission.INTERNET" />
13-->[com.google.firebase:firebase-firestore:24.0.0] AndroidManifest.xml:14:5-67
13-->[com.google.firebase:firebase-firestore:24.0.0] AndroidManifest.xml:14:22-64
14    <!--
15 io.flutter.app.FlutterApplication is an android.app.Application that
16         calls FlutterMain.startInitialization(this); in its onCreate method.
17         In most cases you can leave this as-is, but you if you want to provide
18         additional functionality it is fine to subclass or reimplement
19         FlutterApplication and put your custom class here.
20    -->
21    <application
21-->src/main/AndroidManifest.xml:9:5-35:19
22        android:name="io.flutter.app.FlutterApplication"
22-->src/main/AndroidManifest.xml:10:9-57
23        android:appComponentFactory="androidx.core.app.CoreComponentFactory"
23-->[androidx.core:core:1.1.0] AndroidManifest.xml:24:18-86
24        android:icon="@mipmap/ic_launcher"
24-->src/main/AndroidManifest.xml:12:9-43
25        android:label="flash_chat" >
25-->src/main/AndroidManifest.xml:11:9-35
26        <activity
26-->src/main/AndroidManifest.xml:13:9-31:20
27            android:name="co.appbrewery.flash_chat.MainActivity"
27-->src/main/AndroidManifest.xml:14:13-41
28            android:configChanges="orientation|keyboardHidden|keyboard|screenSize|locale|layoutDirection|fontScale|screenLayout|density|uiMode"
28-->src/main/AndroidManifest.xml:17:13-144
29            android:hardwareAccelerated="true"
29-->src/main/AndroidManifest.xml:18:13-47
30            android:launchMode="singleTop"
30-->src/main/AndroidManifest.xml:15:13-43
31            android:theme="@style/LaunchTheme"
31-->src/main/AndroidManifest.xml:16:13-47
32            android:windowSoftInputMode="adjustResize" >
32-->src/main/AndroidManifest.xml:19:13-55
33
34            <!--
35                 This keeps the window background of the activity showing
36                 until Flutter renders its first frame. It can be removed if
37                 there is no splash screen (such as the default splash screen
38                 defined in @style/LaunchTheme).
39            -->
40            <meta-data
40-->src/main/AndroidManifest.xml:24:13-26:66
41                android:name="io.flutter.embedding.android.SplashScreenDrawable"
41-->src/main/AndroidManifest.xml:25:17-81
42                android:resource="@drawable/launch_background" />
42-->src/main/AndroidManifest.xml:26:17-63
43
44            <intent-filter>
44-->src/main/AndroidManifest.xml:27:13-30:29
45                <action android:name="android.intent.action.MAIN" />
45-->src/main/AndroidManifest.xml:28:17-68
45-->src/main/AndroidManifest.xml:28:25-66
46
47                <category android:name="android.intent.category.LAUNCHER" />
47-->src/main/AndroidManifest.xml:29:17-76
47-->src/main/AndroidManifest.xml:29:27-74
48            </intent-filter>
49        </activity>
50
51        <meta-data
51-->src/main/AndroidManifest.xml:32:9-34:33
52            android:name="flutterEmbedding"
52-->src/main/AndroidManifest.xml:33:13-44
53            android:value="2" />
53-->src/main/AndroidManifest.xml:34:13-30
54
55        <service
55-->[:firebase_auth] AndroidManifest.xml:8:9-12:19
56            android:name="com.google.firebase.components.ComponentDiscoveryService"
56-->[:firebase_auth] AndroidManifest.xml:8:18-89
57            android:directBootAware="true"
57-->[com.google.firebase:firebase-common:20.0.0] AndroidManifest.xml:35:13-43
58            android:exported="false" >
58-->[com.google.firebase:firebase-firestore:24.0.0] AndroidManifest.xml:19:13-37
59            <meta-data
59-->[:firebase_auth] AndroidManifest.xml:9:13-11:85
60                android:name="com.google.firebase.components:io.flutter.plugins.firebase.auth.FlutterFirebaseAuthRegistrar"
60-->[:firebase_auth] AndroidManifest.xml:10:17-124
61                android:value="com.google.firebase.components.ComponentRegistrar" />
61-->[:firebase_auth] AndroidManifest.xml:11:17-82
62            <meta-data
62-->[:cloud_firestore] AndroidManifest.xml:9:13-11:85
63                android:name="com.google.firebase.components:io.flutter.plugins.firebase.firestore.FlutterFirebaseFirestoreRegistrar"
63-->[:cloud_firestore] AndroidManifest.xml:10:17-134
64                android:value="com.google.firebase.components.ComponentRegistrar" />
64-->[:cloud_firestore] AndroidManifest.xml:11:17-82
65            <meta-data
65-->[:firebase_core] AndroidManifest.xml:9:13-11:85
66                android:name="com.google.firebase.components:io.flutter.plugins.firebase.core.FlutterFirebaseCoreRegistrar"
66-->[:firebase_core] AndroidManifest.xml:10:17-124
67                android:value="com.google.firebase.components.ComponentRegistrar" />
67-->[:firebase_core] AndroidManifest.xml:11:17-82
68            <meta-data
68-->[com.google.firebase:firebase-firestore:24.0.0] AndroidManifest.xml:20:13-22:85
69                android:name="com.google.firebase.components:com.google.firebase.firestore.FirestoreRegistrar"
69-->[com.google.firebase:firebase-firestore:24.0.0] AndroidManifest.xml:21:17-111
70                android:value="com.google.firebase.components.ComponentRegistrar" />
70-->[com.google.firebase:firebase-firestore:24.0.0] AndroidManifest.xml:22:17-82
71            <meta-data
71-->[com.google.firebase:firebase-auth:21.0.1] AndroidManifest.xml:77:13-79:85
72                android:name="com.google.firebase.components:com.google.firebase.auth.FirebaseAuthRegistrar"
72-->[com.google.firebase:firebase-auth:21.0.1] AndroidManifest.xml:78:17-109
73                android:value="com.google.firebase.components.ComponentRegistrar" />
73-->[com.google.firebase:firebase-auth:21.0.1] AndroidManifest.xml:79:17-82
74        </service>
75
76        <activity
76-->[com.google.firebase:firebase-auth:21.0.1] AndroidManifest.xml:27:9-44:20
77            android:name="com.google.firebase.auth.internal.GenericIdpActivity"
77-->[com.google.firebase:firebase-auth:21.0.1] AndroidManifest.xml:28:13-80
78            android:excludeFromRecents="true"
78-->[com.google.firebase:firebase-auth:21.0.1] AndroidManifest.xml:29:13-46
79            android:exported="true"
79-->[com.google.firebase:firebase-auth:21.0.1] AndroidManifest.xml:30:13-36
80            android:launchMode="singleTask"
80-->[com.google.firebase:firebase-auth:21.0.1] AndroidManifest.xml:31:13-44
81            android:theme="@android:style/Theme.Translucent.NoTitleBar" >
81-->[com.google.firebase:firebase-auth:21.0.1] AndroidManifest.xml:32:13-72
82            <intent-filter>
82-->[com.google.firebase:firebase-auth:21.0.1] AndroidManifest.xml:33:13-43:29
83                <action android:name="android.intent.action.VIEW" />
83-->[com.google.firebase:firebase-auth:21.0.1] AndroidManifest.xml:34:17-69
83-->[com.google.firebase:firebase-auth:21.0.1] AndroidManifest.xml:34:25-66
84
85                <category android:name="android.intent.category.DEFAULT" />
85-->[com.google.firebase:firebase-auth:21.0.1] AndroidManifest.xml:36:17-76
85-->[com.google.firebase:firebase-auth:21.0.1] AndroidManifest.xml:36:27-73
86                <category android:name="android.intent.category.BROWSABLE" />
86-->[com.google.firebase:firebase-auth:21.0.1] AndroidManifest.xml:37:17-78
86-->[com.google.firebase:firebase-auth:21.0.1] AndroidManifest.xml:37:27-75
87
88                <data
88-->[com.google.firebase:firebase-auth:21.0.1] AndroidManifest.xml:39:17-42:51
89                    android:host="firebase.auth"
89-->[com.google.firebase:firebase-auth:21.0.1] AndroidManifest.xml:40:21-49
90                    android:path="/"
90-->[com.google.firebase:firebase-auth:21.0.1] AndroidManifest.xml:41:21-37
91                    android:scheme="genericidp" />
91-->[com.google.firebase:firebase-auth:21.0.1] AndroidManifest.xml:42:21-48
92            </intent-filter>
93        </activity>
94        <activity
94-->[com.google.firebase:firebase-auth:21.0.1] AndroidManifest.xml:45:9-62:20
95            android:name="com.google.firebase.auth.internal.RecaptchaActivity"
95-->[com.google.firebase:firebase-auth:21.0.1] AndroidManifest.xml:46:13-79
96            android:excludeFromRecents="true"
96-->[com.google.firebase:firebase-auth:21.0.1] AndroidManifest.xml:47:13-46
97            android:exported="true"
97-->[com.google.firebase:firebase-auth:21.0.1] AndroidManifest.xml:48:13-36
98            android:launchMode="singleTask"
98-->[com.google.firebase:firebase-auth:21.0.1] AndroidManifest.xml:49:13-44
99            android:theme="@android:style/Theme.Translucent.NoTitleBar" >
99-->[com.google.firebase:firebase-auth:21.0.1] AndroidManifest.xml:50:13-72
100            <intent-filter>
100-->[com.google.firebase:firebase-auth:21.0.1] AndroidManifest.xml:51:13-61:29
101                <action android:name="android.intent.action.VIEW" />
101-->[com.google.firebase:firebase-auth:21.0.1] AndroidManifest.xml:34:17-69
101-->[com.google.firebase:firebase-auth:21.0.1] AndroidManifest.xml:34:25-66
102
103                <category android:name="android.intent.category.DEFAULT" />
103-->[com.google.firebase:firebase-auth:21.0.1] AndroidManifest.xml:36:17-76
103-->[com.google.firebase:firebase-auth:21.0.1] AndroidManifest.xml:36:27-73
104                <category android:name="android.intent.category.BROWSABLE" />
104-->[com.google.firebase:firebase-auth:21.0.1] AndroidManifest.xml:37:17-78
104-->[com.google.firebase:firebase-auth:21.0.1] AndroidManifest.xml:37:27-75
105
106                <data
106-->[com.google.firebase:firebase-auth:21.0.1] AndroidManifest.xml:39:17-42:51
107                    android:host="firebase.auth"
107-->[com.google.firebase:firebase-auth:21.0.1] AndroidManifest.xml:40:21-49
108                    android:path="/"
108-->[com.google.firebase:firebase-auth:21.0.1] AndroidManifest.xml:41:21-37
109                    android:scheme="recaptcha" />
109-->[com.google.firebase:firebase-auth:21.0.1] AndroidManifest.xml:42:21-48
110            </intent-filter>
111        </activity>
112
113        <service
113-->[com.google.firebase:firebase-auth:21.0.1] AndroidManifest.xml:64:9-73:19
114            android:name="com.google.firebase.auth.api.fallback.service.FirebaseAuthFallbackService"
114-->[com.google.firebase:firebase-auth:21.0.1] AndroidManifest.xml:65:13-101
115            android:enabled="true"
115-->[com.google.firebase:firebase-auth:21.0.1] AndroidManifest.xml:66:13-35
116            android:exported="false" >
116-->[com.google.firebase:firebase-auth:21.0.1] AndroidManifest.xml:67:13-37
117            <intent-filter>
117-->[com.google.firebase:firebase-auth:21.0.1] AndroidManifest.xml:68:13-72:29
118                <action android:name="com.google.firebase.auth.api.gms.service.START" />
118-->[com.google.firebase:firebase-auth:21.0.1] AndroidManifest.xml:69:17-89
118-->[com.google.firebase:firebase-auth:21.0.1] AndroidManifest.xml:69:25-86
119
120                <category android:name="android.intent.category.DEFAULT" />
120-->[com.google.firebase:firebase-auth:21.0.1] AndroidManifest.xml:36:17-76
120-->[com.google.firebase:firebase-auth:21.0.1] AndroidManifest.xml:36:27-73
121            </intent-filter>
122        </service>
123
124        <provider
124-->[com.google.firebase:firebase-common:20.0.0] AndroidManifest.xml:26:9-31:39
125            android:name="com.google.firebase.provider.FirebaseInitProvider"
125-->[com.google.firebase:firebase-common:20.0.0] AndroidManifest.xml:27:13-77
126            android:authorities="co.pravin.flash_chat.firebaseinitprovider"
126-->[com.google.firebase:firebase-common:20.0.0] AndroidManifest.xml:28:13-72
127            android:directBootAware="true"
127-->[com.google.firebase:firebase-common:20.0.0] AndroidManifest.xml:29:13-43
128            android:exported="false"
128-->[com.google.firebase:firebase-common:20.0.0] AndroidManifest.xml:30:13-37
129            android:initOrder="100" />
129-->[com.google.firebase:firebase-common:20.0.0] AndroidManifest.xml:31:13-36
130
131        <activity
131-->[com.google.android.gms:play-services-base:17.1.0] AndroidManifest.xml:23:9-26:75
132            android:name="com.google.android.gms.common.api.GoogleApiActivity"
132-->[com.google.android.gms:play-services-base:17.1.0] AndroidManifest.xml:24:13-79
133            android:exported="false"
133-->[com.google.android.gms:play-services-base:17.1.0] AndroidManifest.xml:25:13-37
134            android:theme="@android:style/Theme.Translucent.NoTitleBar" />
134-->[com.google.android.gms:play-services-base:17.1.0] AndroidManifest.xml:26:13-72
135
136        <meta-data
136-->[com.google.android.gms:play-services-basement:17.1.0] AndroidManifest.xml:23:9-25:69
137            android:name="com.google.android.gms.version"
137-->[com.google.android.gms:play-services-basement:17.1.0] AndroidManifest.xml:24:13-58
138            android:value="@integer/google_play_services_version" />
138-->[com.google.android.gms:play-services-basement:17.1.0] AndroidManifest.xml:25:13-66
139    </application>
140
141</manifest>